<?xml version="1.0" encoding="UTF-8"?>
<!-- Generated by org.testng.reporters.JUnitReportReporter -->
<testsuite hostname="LAPTOP-SQRAG3JL" failures="0" tests="2" name="automation.selenium.examples.browser.commands.Assignment25" time="11.320" errors="0" timestamp="2022-07-04T10:47:37 IST" skipped="0">
  <testcase classname="automation.selenium.examples.browser.commands.Assignment25" name="sample" time="8.029"/>
  <system-out/>
  <testcase classname="automation.selenium.examples.browser.commands.Assignment25" name="setup" time="3.291"/>
  <system-out/>
</testsuite> <!-- automation.selenium.examples.browser.commands.Assignment25 -->
