<?xml version="1.0" encoding="UTF-8"?>
<!-- Generated by org.testng.reporters.JUnitReportReporter -->
<testsuite hostname="LAPTOP-SQRAG3JL" failures="0" tests="4" name="automation.selenium.examples.browser.commands.UploadDocuments" time="12.191" errors="0" timestamp="2022-07-28T09:54:08 IST" skipped="0">
  <testcase classname="automation.selenium.examples.browser.commands.UploadDocuments" name="alertmsg" time="2.107"/>
  <system-out/>
  <testcase classname="automation.selenium.examples.browser.commands.UploadDocuments" name="confirmbox" time="2.193"/>
  <system-out/>
  <testcase classname="automation.selenium.examples.browser.commands.UploadDocuments" name="promptbox" time="4.172"/>
  <system-out/>
  <testcase classname="automation.selenium.examples.browser.commands.UploadDocuments" name="fileupload" time="3.719"/>
  <system-out/>
</testsuite> <!-- automation.selenium.examples.browser.commands.UploadDocuments -->
