<?xml version="1.0" encoding="UTF-8"?>
<!-- Generated by org.testng.reporters.JUnitReportReporter -->
<testsuite hostname="LAPTOP-SQRAG3JL" failures="0" tests="1" name="automation.selenium.examples.browser.commands.RadioButton" time="2.280" errors="0" timestamp="2022-06-28T16:37:12 IST" skipped="0">
  <testcase classname="automation.selenium.examples.browser.commands.RadioButton" name="pizaaSizeButton" time="2.280"/>
  <system-out/>
</testsuite> <!-- automation.selenium.examples.browser.commands.RadioButton -->
