<?xml version="1.0" encoding="UTF-8"?>
<!-- Generated by org.testng.reporters.JUnitReportReporter -->
<testsuite hostname="LAPTOP-SQRAG3JL" failures="0" tests="1" name="automation.selenium.examples.browser.commands.Assesment22and23" time="6.400" errors="0" timestamp="2022-06-29T11:58:10 IST" skipped="0">
  <testcase classname="automation.selenium.examples.browser.commands.Assesment22and23" name="doubleClick" time="6.400"/>
  <system-out/>
</testsuite> <!-- automation.selenium.examples.browser.commands.Assesment22and23 -->
