<?xml version="1.0" encoding="UTF-8"?>
<!-- Generated by org.testng.reporters.JUnitReportReporter -->
<testsuite hostname="LAPTOP-SQRAG3JL" failures="0" tests="4" name="automation.selenium.examples.browser.commands.BrowserExample" time="13.048" errors="0" timestamp="2022-06-24T12:30:17 IST" skipped="0">
  <testcase classname="automation.selenium.examples.browser.commands.BrowserExample" name="test3" time="0.019"/>
  <system-out/>
  <testcase classname="automation.selenium.examples.browser.commands.BrowserExample" name="test2" time="0.114"/>
  <system-out/>
  <testcase classname="automation.selenium.examples.browser.commands.BrowserExample" name="test4" time="8.801"/>
  <system-out/>
  <testcase classname="automation.selenium.examples.browser.commands.BrowserExample" name="openURL" time="4.114"/>
  <system-out/>
</testsuite> <!-- automation.selenium.examples.browser.commands.BrowserExample -->
