<?xml version="1.0" encoding="UTF-8"?>
<!-- Generated by org.testng.reporters.JUnitReportReporter -->
<testsuite hostname="LAPTOP-SQRAG3JL" failures="0" tests="1" name="automation.selenium.examples.browser.commands.NoSuchFrameException28" time="9.144" errors="0" timestamp="2022-06-30T14:26:40 IST" skipped="0">
  <testcase classname="automation.selenium.examples.browser.commands.NoSuchFrameException28" name="sample" time="9.144"/>
  <system-out/>
</testsuite> <!-- automation.selenium.examples.browser.commands.NoSuchFrameException28 -->
