<?xml version="1.0" encoding="UTF-8"?>
<!-- Generated by org.testng.reporters.JUnitReportReporter -->
<testsuite hostname="LAPTOP-SQRAG3JL" failures="0" tests="2" name="automation.selenium.examples.browser.commands.Example3" time="13.837" errors="0" timestamp="2022-06-29T11:36:08 IST" skipped="0">
  <testcase classname="automation.selenium.examples.browser.commands.Example3" name="PasswordVerification" time="4.313"/>
  <system-out/>
  <testcase classname="automation.selenium.examples.browser.commands.Example3" name="EmailVerification" time="9.524"/>
  <system-out/>
</testsuite> <!-- automation.selenium.examples.browser.commands.Example3 -->
