<?xml version="1.0" encoding="UTF-8"?>
<!-- Generated by org.testng.reporters.JUnitReportReporter -->
<testsuite hostname="LAPTOP-SQRAG3JL" failures="0" tests="2" name="automation.selenium.examples.browser.commands.GmailWebDriverWait" time="19.722" errors="0" timestamp="2022-06-29T12:28:08 IST" skipped="0">
  <testcase classname="automation.selenium.examples.browser.commands.GmailWebDriverWait" name="EmailVerification" time="13.265"/>
  <system-out/>
  <testcase classname="automation.selenium.examples.browser.commands.GmailWebDriverWait" name="PasswordlVerification" time="6.457"/>
  <system-out/>
</testsuite> <!-- automation.selenium.examples.browser.commands.GmailWebDriverWait -->
