<?xml version="1.0" encoding="UTF-8"?>
<!-- Generated by org.testng.reporters.JUnitReportReporter -->
<testsuite hostname="LAPTOP-SQRAG3JL" failures="0" tests="1" name="automation.selenium.examples.browser.commands.RightClick23" time="5.478" errors="0" timestamp="2022-06-29T12:14:01 IST" skipped="0">
  <testcase classname="automation.selenium.examples.browser.commands.RightClick23" name="rightClick" time="5.478"/>
  <system-out/>
</testsuite> <!-- automation.selenium.examples.browser.commands.RightClick23 -->
