<?xml version="1.0" encoding="UTF-8"?>
<!-- Generated by org.testng.reporters.JUnitReportReporter -->
<testsuite hostname="LAPTOP-SQRAG3JL" failures="0" tests="1" name="automation.selenium.examples.browser.commands.Assignment14" time="9.530" errors="0" timestamp="2022-06-30T19:01:39 IST" skipped="0">
  <testcase classname="automation.selenium.examples.browser.commands.Assignment14" name="Sendtheaddress" time="9.530"/>
  <system-out/>
</testsuite> <!-- automation.selenium.examples.browser.commands.Assignment14 -->
