<?xml version="1.0" encoding="UTF-8"?>
<!-- Generated by org.testng.reporters.JUnitReportReporter -->
<testsuite hostname="LAPTOP-SQRAG3JL" failures="0" tests="1" name="automation.selenium.examples.browser.commands.ImplicitExample" time="12.393" errors="0" timestamp="2022-06-29T09:03:48 IST" skipped="0">
  <testcase classname="automation.selenium.examples.browser.commands.ImplicitExample" name="setup" time="12.393"/>
  <system-out/>
</testsuite> <!-- automation.selenium.examples.browser.commands.ImplicitExample -->
