<?xml version="1.0" encoding="UTF-8"?>
<!-- Generated by org.testng.reporters.JUnitReportReporter -->
<testsuite hostname="LAPTOP-SQRAG3JL" failures="0" tests="2" name="automation.selenium.examples.browser.commands.Assignment15" time="14.293" errors="0" timestamp="2022-06-29T15:01:52 IST" skipped="0">
  <testcase classname="automation.selenium.examples.browser.commands.Assignment15" name="navigateOps" time="10.821"/>
  <system-out/>
  <testcase classname="automation.selenium.examples.browser.commands.Assignment15" name="sample" time="3.472"/>
  <system-out/>
</testsuite> <!-- automation.selenium.examples.browser.commands.Assignment15 -->
