<?xml version="1.0" encoding="UTF-8"?>
<!-- Generated by org.testng.reporters.JUnitReportReporter -->
<testsuite hostname="LAPTOP-SQRAG3JL" failures="0" tests="1" name="automation.selenium.examples.browser.commands.MultipleBox4" time="2.245" errors="0" timestamp="2022-06-24T18:19:45 IST" skipped="0">
  <testcase classname="automation.selenium.examples.browser.commands.MultipleBox4" name="openURL" time="2.245"/>
  <system-out/>
</testsuite> <!-- automation.selenium.examples.browser.commands.MultipleBox4 -->
