<?xml version="1.0" encoding="UTF-8"?>
<!-- Generated by org.testng.reporters.JUnitReportReporter -->
<testsuite hostname="LAPTOP-SQRAG3JL" failures="0" tests="1" name="automation.selenium.examples.browser.commands.MultipleSelection" time="14.304" errors="0" timestamp="2022-06-28T13:14:46 IST" skipped="0">
  <testcase classname="automation.selenium.examples.browser.commands.MultipleSelection" name="openURL" time="14.304"/>
  <system-out/>
</testsuite> <!-- automation.selenium.examples.browser.commands.MultipleSelection -->
