<?xml version="1.0" encoding="UTF-8"?>
<!-- Generated by org.testng.reporters.JUnitReportReporter -->
<testsuite hostname="LAPTOP-SQRAG3JL" failures="0" tests="1" name="automation.selenium.examples.browser.commands.ImplicitWait" time="10.048" errors="0" timestamp="2022-06-28T09:18:37 IST" skipped="0">
  <testcase classname="automation.selenium.examples.browser.commands.ImplicitWait" name="setup" time="10.048"/>
  <system-out/>
</testsuite> <!-- automation.selenium.examples.browser.commands.ImplicitWait -->
