<?xml version="1.0" encoding="UTF-8"?>
<!-- Generated by org.testng.reporters.JUnitReportReporter -->
<testsuite hostname="LAPTOP-SQRAG3JL" failures="0" tests="2" name="automation.selenium.examples.browser.commands.Assignment17" time="9.321" errors="0" timestamp="2022-06-30T18:14:23 IST" skipped="0">
  <testcase classname="automation.selenium.examples.browser.commands.Assignment17" name="navigateOps" time="7.345"/>
  <system-out/>
  <testcase classname="automation.selenium.examples.browser.commands.Assignment17" name="sample" time="1.976"/>
  <system-out/>
</testsuite> <!-- automation.selenium.examples.browser.commands.Assignment17 -->
