<?xml version="1.0" encoding="UTF-8"?>
<!-- Generated by org.testng.reporters.JUnitReportReporter -->
<testsuite hostname="LAPTOP-SQRAG3JL" failures="0" tests="1" name="automation.selenium.examples.browser.commands.PizzaProject" time="6.391" errors="0" timestamp="2022-06-25T12:51:40 IST" skipped="0">
  <testcase classname="automation.selenium.examples.browser.commands.PizzaProject" name="openURL" time="6.391"/>
  <system-out/>
</testsuite> <!-- automation.selenium.examples.browser.commands.PizzaProject -->
