<?xml version="1.0" encoding="UTF-8"?>
<!-- Generated by org.testng.reporters.JUnitReportReporter -->
<testsuite hostname="LAPTOP-SQRAG3JL" failures="0" tests="1" name="automation.selenium.examples.browser.commands.NoSuchAlertException26" time="6.827" errors="0" timestamp="2022-07-01T09:29:22 IST" skipped="0">
  <testcase classname="automation.selenium.examples.browser.commands.NoSuchAlertException26" name="sample" time="6.827"/>
  <system-out/>
</testsuite> <!-- automation.selenium.examples.browser.commands.NoSuchAlertException26 -->
