<?xml version="1.0" encoding="UTF-8"?>
<!-- Generated by org.testng.reporters.JUnitReportReporter -->
<testsuite hostname="LAPTOP-SQRAG3JL" failures="0" tests="1" name="automation.selenium.examples.browser.commands.DragandDrop" time="6.543" errors="0" timestamp="2022-06-30T13:59:20 IST" skipped="0">
  <testcase classname="automation.selenium.examples.browser.commands.DragandDrop" name="dragNDrop" time="6.543"/>
  <system-out/>
</testsuite> <!-- automation.selenium.examples.browser.commands.DragandDrop -->
