<?xml version="1.0" encoding="UTF-8"?>
<!-- Generated by org.testng.reporters.JUnitReportReporter -->
<testsuite hostname="LAPTOP-SQRAG3JL" failures="0" tests="3" name="automation.selenium.examples.browser.commands.AlertPopUps" time="8.755" errors="0" timestamp="2022-06-30T14:47:08 IST" skipped="0">
  <testcase classname="automation.selenium.examples.browser.commands.AlertPopUps" name="alertmsg" time="2.239"/>
  <system-out/>
  <testcase classname="automation.selenium.examples.browser.commands.AlertPopUps" name="confirmbox" time="2.290"/>
  <system-out/>
  <testcase classname="automation.selenium.examples.browser.commands.AlertPopUps" name="promptbox" time="4.226"/>
  <system-out/>
</testsuite> <!-- automation.selenium.examples.browser.commands.AlertPopUps -->
