<?xml version="1.0" encoding="UTF-8"?>
<!-- Generated by org.testng.reporters.JUnitReportReporter -->
<testsuite hostname="LAPTOP-SQRAG3JL" failures="0" tests="2" name="automation.selenium.examples.browser.commands.AssertionValideInValide" time="29.052" errors="0" timestamp="2022-06-27T09:08:03 IST" skipped="0">
  <testcase classname="automation.selenium.examples.browser.commands.AssertionValideInValide" name="passwordVerification" time="10.309"/>
  <system-out/>
  <testcase classname="automation.selenium.examples.browser.commands.AssertionValideInValide" name="EmailVerification" time="18.743"/>
  <system-out/>
</testsuite> <!-- automation.selenium.examples.browser.commands.AssertionValideInValide -->
