<?xml version="1.0" encoding="UTF-8"?>
<!-- Generated by org.testng.reporters.JUnitReportReporter -->
<testsuite hostname="LAPTOP-SQRAG3JL" failures="0" tests="1" name="automation.selenium.examples.browser.commands.WindowHandler" time="31.037" errors="0" timestamp="2022-06-30T12:30:28 IST" skipped="0">
  <testcase classname="automation.selenium.examples.browser.commands.WindowHandler" name="setup" time="31.037"/>
  <system-out/>
</testsuite> <!-- automation.selenium.examples.browser.commands.WindowHandler -->
