<?xml version="1.0" encoding="UTF-8"?>
<!-- Generated by org.testng.reporters.JUnitReportReporter -->
<testsuite hostname="LAPTOP-SQRAG3JL" failures="0" tests="1" name="automation.selenium.examples.browser.commands.FileUpload" time="11.979" errors="0" timestamp="2022-12-29T21:37:23 IST" skipped="0">
  <testcase classname="automation.selenium.examples.browser.commands.FileUpload" name="FileUploaded" time="11.979"/>
  <system-out/>
</testsuite> <!-- automation.selenium.examples.browser.commands.FileUpload -->
